[2013-07-02 12:59:45] request.ERROR: Symfony\Component\HttpKernel\Exception\NotFoundHttpException: No route found for "GET /app_dev/job" (uncaught exception) at C:\xampp\htdocs\jobeet\app\cache\prod\classes.php line 4564 [] []
[2013-07-02 14:12:47] request.ERROR: Symfony\Component\HttpKernel\Exception\NotFoundHttpException: No route found for "GET /" (uncaught exception) at C:\xampp\htdocs\jobeet\vendor\symfony\src\Symfony\Bundle\FrameworkBundle\EventListener\RouterListener.php line 83 [] []
[2013-07-02 14:12:51] request.ERROR: Symfony\Component\HttpKernel\Exception\NotFoundHttpException: No route found for "GET /" (uncaught exception) at C:\xampp\htdocs\jobeet\app\cache\prod\classes.php line 4564 [] []
[2013-07-02 14:12:56] request.ERROR: Symfony\Component\HttpKernel\Exception\NotFoundHttpException: No route found for "GET /" (uncaught exception) at C:\xampp\htdocs\jobeet\app\cache\prod\classes.php line 4564 [] []
[2013-07-02 14:13:08] request.ERROR: Symfony\Component\HttpKernel\Exception\NotFoundHttpException: No route found for "GET /" (uncaught exception) at C:\xampp\htdocs\jobeet\app\cache\prod\classes.php line 4564 [] []
[2013-07-03 09:42:28] request.INFO: Matched route "EnsJobeetBundle_homepage" (parameters: "_controller": "Ens\JobeetBundle\Controller\JobController::indexAction", "_route": "EnsJobeetBundle_homepage") [] []
[2013-07-03 09:42:31] request.CRITICAL: InvalidArgumentException: The parameter "max_jobs_on_homepage" must be defined. (uncaught exception) at C:\xampp\htdocs\jobeet\app\cache\prod\appProdProjectContainer.php line 620 [] []
[2013-07-03 09:42:35] request.INFO: Matched route "EnsJobeetBundle_homepage" (parameters: "_controller": "Ens\JobeetBundle\Controller\JobController::indexAction", "_route": "EnsJobeetBundle_homepage") [] []
[2013-07-03 09:42:36] request.CRITICAL: InvalidArgumentException: The parameter "max_jobs_on_homepage" must be defined. (uncaught exception) at C:\xampp\htdocs\jobeet\app\cache\prod\appProdProjectContainer.php line 620 [] []
[2013-07-03 12:08:01] request.INFO: Matched route "EnsJobeetBundle_category" (parameters: "_controller": "Ens\JobeetBundle\Controller\CategoryController::showAction", "slug": "programming", "_route": "EnsJobeetBundle_category") [] []
[2013-07-03 12:08:01] request.CRITICAL: RuntimeException: Controller "Ens\JobeetBundle\Controller\CategoryController::showAction()" requires that you provide a value for the "$page" argument (because there is no default value or because there is a non optional argument after this one). (uncaught exception) at C:\xampp\htdocs\jobeet\app\cache\prod\classes.php line 4128 [] []
[2013-07-03 12:08:06] request.INFO: Matched route "EnsJobeetBundle_category" (parameters: "_controller": "Ens\JobeetBundle\Controller\CategoryController::showAction", "slug": "programming", "_route": "EnsJobeetBundle_category") [] []
[2013-07-03 12:08:06] request.CRITICAL: RuntimeException: Controller "Ens\JobeetBundle\Controller\CategoryController::showAction()" requires that you provide a value for the "$page" argument (because there is no default value or because there is a non optional argument after this one). (uncaught exception) at C:\xampp\htdocs\jobeet\app\cache\prod\classes.php line 4128 [] []
[2013-07-03 12:08:07] request.INFO: Matched route "EnsJobeetBundle_category" (parameters: "_controller": "Ens\JobeetBundle\Controller\CategoryController::showAction", "slug": "programming", "_route": "EnsJobeetBundle_category") [] []
[2013-07-03 12:08:07] request.CRITICAL: RuntimeException: Controller "Ens\JobeetBundle\Controller\CategoryController::showAction()" requires that you provide a value for the "$page" argument (because there is no default value or because there is a non optional argument after this one). (uncaught exception) at C:\xampp\htdocs\jobeet\app\cache\prod\classes.php line 4128 [] []
[2013-07-03 12:08:08] request.INFO: Matched route "EnsJobeetBundle_category" (parameters: "_controller": "Ens\JobeetBundle\Controller\CategoryController::showAction", "slug": "programming", "_route": "EnsJobeetBundle_category") [] []
[2013-07-03 12:08:08] request.CRITICAL: RuntimeException: Controller "Ens\JobeetBundle\Controller\CategoryController::showAction()" requires that you provide a value for the "$page" argument (because there is no default value or because there is a non optional argument after this one). (uncaught exception) at C:\xampp\htdocs\jobeet\app\cache\prod\classes.php line 4128 [] []
[2013-07-03 12:12:09] request.ERROR: Symfony\Component\HttpKernel\Exception\NotFoundHttpException: No route found for "GET /c" (uncaught exception) at C:\xampp\htdocs\jobeet\vendor\symfony\src\Symfony\Bundle\FrameworkBundle\EventListener\RouterListener.php line 83 [] []
[2013-07-03 16:09:53] request.INFO: Matched route "ens_job_update" (parameters: "_controller": "Ens\JobeetBundle\Controller\JobController::updateAction", "id": "1", "_route": "ens_job_update") [] []
[2013-07-03 16:09:53] request.CRITICAL: LogicException: Unable to guess the mime type as no guessers are available (Did you enable the php_fileinfo extension?) (uncaught exception) at C:\xampp\htdocs\jobeet\vendor\symfony\src\Symfony\Component\HttpFoundation\File\MimeType\MimeTypeGuesser.php line 116 [] []
[2013-07-03 16:26:38] request.ERROR: Symfony\Component\HttpKernel\Exception\NotFoundHttpException: No route found for "GET /job/21" (uncaught exception) at C:\xampp\htdocs\jobeet\app\cache\prod\classes.php line 4564 [] []
[2013-07-03 16:33:21] request.ERROR: Symfony\Component\HttpKernel\Exception\NotFoundHttpException: No route found for "GET /category" (uncaught exception) at C:\xampp\htdocs\jobeet\app\cache\prod\classes.php line 4564 [] []
[2013-07-03 16:44:57] request.INFO: Matched route "ens_job_create" (parameters: "_controller": "Ens\JobeetBundle\Controller\JobController::createAction", "_route": "ens_job_create") [] []
[2013-07-03 16:44:57] request.CRITICAL: LogicException: Unable to guess the mime type as no guessers are available (Did you enable the php_fileinfo extension?) (uncaught exception) at C:\xampp\htdocs\jobeet\vendor\symfony\src\Symfony\Component\HttpFoundation\File\MimeType\MimeTypeGuesser.php line 116 [] []
[2013-07-03 16:45:24] request.INFO: Matched route "ens_job_create" (parameters: "_controller": "Ens\JobeetBundle\Controller\JobController::createAction", "_route": "ens_job_create") [] []
[2013-07-03 16:45:24] request.CRITICAL: LogicException: Unable to guess the mime type as no guessers are available (Did you enable the php_fileinfo extension?) (uncaught exception) at C:\xampp\htdocs\jobeet\vendor\symfony\src\Symfony\Component\HttpFoundation\File\MimeType\MimeTypeGuesser.php line 116 [] []
[2013-07-03 16:48:00] request.INFO: Matched route "ens_job_create" (parameters: "_controller": "Ens\JobeetBundle\Controller\JobController::createAction", "_route": "ens_job_create") [] []
[2013-07-03 16:48:00] request.CRITICAL: LogicException: Unable to guess the mime type as no guessers are available (Did you enable the php_fileinfo extension?) (uncaught exception) at C:\xampp\htdocs\jobeet\vendor\symfony\src\Symfony\Component\HttpFoundation\File\MimeType\MimeTypeGuesser.php line 116 [] []
[2013-07-03 16:49:35] request.INFO: Matched route "ens_job_create" (parameters: "_controller": "Ens\JobeetBundle\Controller\JobController::createAction", "_route": "ens_job_create") [] []
[2013-07-03 16:49:36] request.CRITICAL: PDOException: SQLSTATE[23000]: Integrity constraint violation: 1048 Column 'token' cannot be null (uncaught exception) at C:\xampp\htdocs\jobeet\vendor\doctrine-dbal\lib\Doctrine\DBAL\Statement.php line 131 [] []
[2013-07-03 16:49:42] request.INFO: Matched route "ens_job_create" (parameters: "_controller": "Ens\JobeetBundle\Controller\JobController::createAction", "_route": "ens_job_create") [] []
[2013-07-03 16:49:42] request.CRITICAL: PDOException: SQLSTATE[23000]: Integrity constraint violation: 1048 Column 'token' cannot be null (uncaught exception) at C:\xampp\htdocs\jobeet\vendor\doctrine-dbal\lib\Doctrine\DBAL\Statement.php line 131 [] []
[2013-07-03 16:50:29] request.INFO: Matched route "ens_job_create" (parameters: "_controller": "Ens\JobeetBundle\Controller\JobController::createAction", "_route": "ens_job_create") [] []
[2013-07-03 16:50:29] request.CRITICAL: PDOException: SQLSTATE[23000]: Integrity constraint violation: 1048 Column 'token' cannot be null (uncaught exception) at C:\xampp\htdocs\jobeet\vendor\doctrine-dbal\lib\Doctrine\DBAL\Statement.php line 131 [] []
[2013-07-05 08:58:23] request.INFO: Matched route "ens_job_edit" (parameters: "_controller": "Ens\JobeetBundle\Controller\JobController::editAction", "id": "33", "_route": "ens_job_edit") [] []
[2013-07-05 08:58:23] request.CRITICAL: RuntimeException: Controller "Ens\JobeetBundle\Controller\JobController::editAction()" requires that you provide a value for the "$token" argument (because there is no default value or because there is a non optional argument after this one). (uncaught exception) at C:\xamppp\htdocs\jobeet\app\cache\prod\classes.php line 4128 [] []
